<?xml version="1.0" encoding="UTF-8"?>
<testsuite name="AopTest" tests="1" skipped="0" failures="0" errors="0" timestamp="2020-04-27T07:24:13" hostname="SH-guoyongyue" time="7092.84">
  <properties/>
  <testcase name="test" classname="AopTest" time="7092.84"/>
  <system-out><![CDATA[around
before
===query==
after
afterReturning
around
====args:fox
before
===query(String name)==foxxxxx
after
afterReturning
around
====args:bat.ke.qq.com.bean.Fox@dda6e14
before
===query(FoxDao dao)==bat.ke.qq.com.bean.Fox@dda6e14
after
afterReturning
]]></system-out>
  <system-err><![CDATA[]]></system-err>
</testsuite>
